\BOOKMARK [1][-]{section.1}{\376\377\000I\000n\000t\000r\000o\000d\000u\000c\000t\000i\000o\000n}{}% 1
\BOOKMARK [1][-]{section.2}{\376\377\000B\000a\000c\000k\000g\000r\000o\000u\000n\000d}{}% 2
\BOOKMARK [2][-]{subsection.2.1}{\376\377\000S\000w\000a\000p\000t\000i\000o\000n\000s\000:\000\040\000D\000e\000f\000i\000n\000i\000t\000i\000o\000n\000,\000\040\000C\000h\000a\000r\000a\000c\000t\000e\000r\000i\000s\000t\000i\000c\000s\000,\000\040\000a\000n\000d\000\040\000F\000i\000n\000a\000n\000c\000i\000a\000l\000\040\000R\000e\000l\000e\000v\000a\000n\000c\000e}{section.2}% 3
\BOOKMARK [2][-]{subsection.2.2}{\376\377\000B\000o\000o\000t\000s\000t\000r\000a\000p\000p\000i\000n\000g\000\040\000t\000h\000e\000\040\000Z\000e\000r\000o\000-\000C\000o\000u\000p\000o\000n\000\040\000Y\000i\000e\000l\000d\000\040\000C\000u\000r\000v\000e\000\040\000f\000r\000o\000m\000\040\000S\000w\000a\000p\000\040\000R\000a\000t\000e\000s}{section.2}% 4
\BOOKMARK [3][-]{subsubsection.2.2.1}{\376\377\000P\000r\000e\000l\000i\000m\000i\000n\000a\000r\000i\000e\000s\000\040\000a\000n\000d\000\040\000D\000e\000f\000i\000n\000i\000t\000i\000o\000n\000s}{subsection.2.2}% 5
\BOOKMARK [3][-]{subsubsection.2.2.2}{\376\377\000V\000a\000l\000u\000a\000t\000i\000o\000n\000\040\000o\000f\000\040\000a\000\040\000P\000a\000r\000\040\000S\000w\000a\000p}{subsection.2.2}% 6
\BOOKMARK [3][-]{subsubsection.2.2.3}{\376\377\000R\000e\000c\000u\000r\000s\000i\000v\000e\000\040\000B\000o\000o\000t\000s\000t\000r\000a\000p\000p\000i\000n\000g\000\040\000P\000r\000o\000c\000e\000d\000u\000r\000e}{subsection.2.2}% 7
\BOOKMARK [3][-]{subsubsection.2.2.4}{\376\377\000I\000n\000t\000e\000r\000p\000o\000l\000a\000t\000i\000o\000n\000\040\000a\000n\000d\000\040\000C\000o\000n\000t\000i\000n\000u\000i\000t\000y\000\040\000o\000f\000\040\000t\000h\000e\000\040\000T\000e\000r\000m\000\040\000S\000t\000r\000u\000c\000t\000u\000r\000e}{subsection.2.2}% 8
\BOOKMARK [2][-]{subsection.2.3}{\376\377\000S\000h\000o\000r\000t\000\040\000R\000a\000t\000e\000\040\000M\000o\000d\000e\000l\000s}{section.2}% 9
\BOOKMARK [3][-]{subsubsection.2.3.1}{\376\377\000E\000q\000u\000i\000l\000i\000b\000r\000i\000u\000m\000\040\000M\000o\000d\000e\000l\000s}{subsection.2.3}% 10
\BOOKMARK [3][-]{subsubsection.2.3.2}{\376\377\000N\000o\000\040\000A\000r\000b\000i\000t\000r\000a\000g\000e\000\040\000M\000o\000d\000e\000l\000s}{subsection.2.3}% 11
\BOOKMARK [3][-]{subsubsection.2.3.3}{\376\377\000G\000a\000u\000s\000s\000i\000a\000n\000\040\000S\000h\000o\000r\000t\000\040\000R\000a\000t\000e\000\040\000M\000o\000d\000e\000l\000s}{subsection.2.3}% 12
\BOOKMARK [2][-]{subsection.2.4}{\376\377\000T\000h\000e\000\040\000O\000n\000e\000-\000F\000a\000c\000t\000o\000r\000\040\000H\000u\000l\000l\000-\000W\000h\000i\000t\000e\000\040\000M\000o\000d\000e\000l}{section.2}% 13
\BOOKMARK [3][-]{subsubsection.2.4.1}{\376\377\000M\000a\000t\000h\000e\000m\000a\000t\000i\000c\000a\000l\000\040\000S\000p\000e\000c\000i\000f\000i\000c\000a\000t\000i\000o\000n}{subsection.2.4}% 14
\BOOKMARK [3][-]{subsubsection.2.4.2}{\376\377\000B\000o\000n\000d\000\040\000P\000r\000i\000c\000i\000n\000g\000\040\000a\000n\000d\000\040\000F\000u\000n\000c\000t\000i\000o\000n\000a\000l\000\040\000S\000o\000l\000u\000t\000i\000o\000n\000s}{subsection.2.4}% 15
\BOOKMARK [3][-]{subsubsection.2.4.3}{\376\377\000O\000p\000t\000i\000o\000n\000\040\000P\000r\000i\000c\000i\000n\000g}{subsection.2.4}% 16
\BOOKMARK [3][-]{subsubsection.2.4.4}{\376\377\000S\000w\000a\000p\000t\000i\000o\000n\000\040\000P\000r\000i\000c\000i\000n\000g}{subsection.2.4}% 17
\BOOKMARK [3][-]{subsubsection.2.4.5}{\376\377\000C\000a\000l\000i\000b\000r\000a\000t\000i\000o\000n\000\040\000o\000f\000\040\000t\000h\000e\000\040\000H\000u\000l\000l\000-\000W\000h\000i\000t\000e\000\040\000M\000o\000d\000e\000l}{subsection.2.4}% 18
\BOOKMARK [3][-]{subsubsection.2.4.6}{\376\377\000L\000e\000v\000e\000n\000b\000e\000r\000g\000-\000M\000a\000r\000q\000u\000a\000r\000d\000t\000\040\000A\000l\000g\000o\000r\000i\000t\000h\000m}{subsection.2.4}% 19
\BOOKMARK [2][-]{subsection.2.5}{\376\377\000N\000e\000u\000r\000a\000l\000\040\000N\000e\000t\000w\000o\000r\000k\000s}{section.2}% 20
\BOOKMARK [3][-]{subsubsection.2.5.1}{\376\377\000T\000y\000p\000e\000s\000\040\000o\000f\000\040\000P\000r\000o\000b\000l\000e\000m\000s\000\040\000S\000o\000l\000v\000e\000d\000\040\000b\000y\000\040\000N\000e\000u\000r\000a\000l\000\040\000N\000e\000t\000w\000o\000r\000k\000s}{subsection.2.5}% 21
\BOOKMARK [3][-]{subsubsection.2.5.2}{\376\377\000A\000r\000c\000h\000i\000t\000e\000c\000t\000u\000r\000e}{subsection.2.5}% 22
\BOOKMARK [3][-]{subsubsection.2.5.3}{\376\377\000L\000e\000a\000r\000n\000i\000n\000g\000\040\000i\000n\000\040\000N\000e\000u\000r\000a\000l\000\040\000N\000e\000t\000w\000o\000r\000k\000s\000:\000\040\000T\000h\000e\000\040\000B\000a\000c\000k\000-\000P\000r\000o\000p\000a\000g\000a\000t\000i\000o\000n\000\040\000A\000l\000g\000o\000r\000i\000t\000h\000m}{subsection.2.5}% 23
\BOOKMARK [3][-]{subsubsection.2.5.4}{\376\377\000T\000h\000e\000\040\000H\000y\000p\000e\000r\000b\000a\000n\000d\000\040\000A\000l\000g\000o\000r\000i\000t\000h\000m\000\040\000f\000o\000r\000\040\000H\000y\000p\000e\000r\000p\000a\000r\000a\000m\000e\000t\000e\000r\000\040\000O\000p\000t\000i\000m\000i\000z\000a\000t\000i\000o\000n}{subsection.2.5}% 24
\BOOKMARK [2][-]{subsection.2.6}{\376\377\000R\000e\000l\000a\000t\000e\000d\000\040\000W\000o\000r\000k}{section.2}% 25
\BOOKMARK [1][-]{section.3}{\376\377\000M\000e\000t\000h\000o\000d\000o\000l\000o\000g\000y}{}% 26
\BOOKMARK [2][-]{subsection.3.1}{\376\377\000D\000a\000t\000a\000s\000e\000t}{section.3}% 27
\BOOKMARK [3][-]{subsubsection.3.1.1}{\376\377\000T\000i\000m\000e\000\040\000P\000e\000r\000i\000o\000d}{subsection.3.1}% 28
\BOOKMARK [3][-]{subsubsection.3.1.2}{\376\377\000S\000w\000a\000p\000t\000i\000o\000n\000s}{subsection.3.1}% 29
\BOOKMARK [3][-]{subsubsection.3.1.3}{\376\377\000S\000w\000a\000p\000\040\000C\000u\000r\000v\000e\000s}{subsection.3.1}% 30
\BOOKMARK [3][-]{subsubsection.3.1.4}{\376\377\000M\000O\000V\000E\000\040\000I\000n\000d\000e\000x}{subsection.3.1}% 31
\BOOKMARK [3][-]{subsubsection.3.1.5}{\376\377\000V\000I\000X\000\040\000I\000n\000d\000e\000x}{subsection.3.1}% 32
\BOOKMARK [3][-]{subsubsection.3.1.6}{\376\377\000E\000U\000R\000/\000U\000S\000D\000\040\000E\000x\000c\000h\000a\000n\000g\000e\000\040\000R\000a\000t\000e}{subsection.3.1}% 33
\BOOKMARK [2][-]{subsection.3.2}{\376\377\000D\000e\000s\000c\000r\000i\000p\000t\000i\000v\000e\000\040\000A\000n\000a\000l\000y\000s\000i\000s\000\040\000o\000f\000\040\000M\000a\000r\000k\000e\000t\000\040\000a\000n\000d\000\040\000M\000o\000d\000e\000l\000\040\000I\000n\000p\000u\000t\000s}{section.3}% 34
\BOOKMARK [2][-]{subsection.3.3}{\376\377\000D\000a\000t\000a\000\040\000P\000r\000e\000p\000r\000o\000c\000e\000s\000s\000i\000n\000g}{section.3}% 35
\BOOKMARK [3][-]{subsubsection.3.3.1}{\376\377\000B\000o\000o\000t\000s\000t\000r\000a\000p\000p\000i\000n\000g\000\040\000Z\000e\000r\000o\000-\000C\000u\000r\000v\000e\000s}{subsection.3.3}% 36
\BOOKMARK [3][-]{subsubsection.3.3.2}{\376\377\000H\000a\000n\000d\000l\000i\000n\000g\000\040\000N\000o\000n\000-\000T\000r\000a\000d\000i\000n\000g\000\040\000D\000a\000y\000s\000\040\000i\000n\000\040\000E\000x\000t\000e\000r\000n\000a\000l\000\040\000D\000a\000t\000a}{subsection.3.3}% 37
\BOOKMARK [3][-]{subsubsection.3.3.3}{\376\377\000F\000e\000a\000t\000u\000r\000e\000\040\000E\000n\000g\000i\000n\000e\000e\000r\000i\000n\000g\000\040\000f\000o\000r\000\040\000t\000h\000e\000\040\000N\000e\000u\000r\000a\000l\000\040\000N\000e\000t\000w\000o\000r\000k}{subsection.3.3}% 38
\BOOKMARK [3][-]{subsubsection.3.3.4}{\376\377\000F\000e\000a\000t\000u\000r\000e\000\040\000S\000c\000a\000l\000i\000n\000g}{subsection.3.3}% 39
\BOOKMARK [2][-]{subsection.3.4}{\376\377\000H\000y\000p\000e\000r\000p\000a\000r\000a\000m\000e\000t\000e\000r\000\040\000O\000p\000t\000i\000m\000i\000z\000a\000t\000i\000o\000n}{section.3}% 40
\BOOKMARK [2][-]{subsection.3.5}{\376\377\000L\000o\000s\000s\000\040\000F\000u\000n\000c\000t\000i\000o\000n\000\040\000a\000n\000d\000\040\000E\000r\000r\000o\000r\000\040\000M\000e\000t\000r\000i\000c}{section.3}% 41
\BOOKMARK [2][-]{subsection.3.6}{\376\377\000M\000e\000t\000h\000o\000d\000o\000l\000o\000g\000y\000\040\000W\000o\000r\000k\000f\000l\000o\000w}{section.3}% 42
\BOOKMARK [2][-]{subsection.3.7}{\376\377\000U\000s\000e\000d\000\040\000M\000o\000d\000e\000l\000\040\000A\000r\000c\000h\000i\000t\000e\000c\000t\000u\000r\000e\000\040\000\046\000\040\000S\000e\000t\000u\000p}{section.3}% 43
\BOOKMARK [2][-]{subsection.3.8}{\376\377\000C\000a\000l\000i\000b\000r\000a\000t\000i\000o\000n\000\040\000S\000t\000r\000a\000t\000e\000g\000y}{section.3}% 44
\BOOKMARK [2][-]{subsection.3.9}{\376\377\000T\000e\000c\000h\000n\000i\000c\000a\000l\000\040\000S\000e\000t\000u\000p\000\040\000a\000n\000d\000\040\000C\000o\000m\000p\000u\000t\000a\000t\000i\000o\000n\000a\000l\000\040\000O\000p\000t\000i\000m\000i\000z\000a\000t\000i\000o\000n}{section.3}% 45
\BOOKMARK [3][-]{subsubsection.3.9.1}{\376\377\000I\000n\000t\000e\000g\000r\000a\000t\000i\000o\000n\000\040\000o\000f\000\040\000T\000e\000n\000s\000o\000r\000F\000l\000o\000w\000\040\000a\000n\000d\000\040\000Q\000u\000a\000n\000t\000L\000i\000b}{subsection.3.9}% 46
\BOOKMARK [3][-]{subsubsection.3.9.2}{\376\377\000P\000a\000r\000a\000l\000l\000e\000l\000i\000z\000a\000t\000i\000o\000n\000\040\000a\000n\000d\000\040\000H\000a\000r\000d\000w\000a\000r\000e\000\040\000C\000o\000n\000s\000i\000d\000e\000r\000a\000t\000i\000o\000n\000s}{subsection.3.9}% 47
\BOOKMARK [3][-]{subsubsection.3.9.3}{\376\377\000A\000l\000g\000o\000r\000i\000t\000h\000m\000i\000c\000\040\000a\000n\000d\000\040\000N\000u\000m\000e\000r\000i\000c\000a\000l\000\040\000E\000f\000f\000i\000c\000i\000e\000n\000c\000y}{subsection.3.9}% 48
\BOOKMARK [3][-]{subsubsection.3.9.4}{\376\377\000O\000p\000t\000i\000m\000i\000z\000a\000t\000i\000o\000n\000\040\000o\000f\000\040\000t\000h\000e\000\040\000T\000r\000a\000i\000n\000i\000n\000g\000\040\000P\000r\000o\000c\000e\000s\000s}{subsection.3.9}% 49
\BOOKMARK [3][-]{subsubsection.3.9.5}{\376\377\000W\000o\000r\000k\000f\000l\000o\000w\000-\000L\000e\000v\000e\000l\000\040\000E\000n\000h\000a\000n\000c\000e\000m\000e\000n\000t\000s\000\040\000a\000n\000d\000\040\000M\000o\000d\000e\000l\000\040\000D\000e\000s\000i\000g\000n}{subsection.3.9}% 50
\BOOKMARK [2][-]{subsection.3.10}{\376\377\000U\000s\000e\000\040\000o\000f\000\040\000A\000I}{section.3}% 51
\BOOKMARK [1][-]{section.4}{\376\377\000R\000e\000s\000u\000l\000t\000s}{}% 52
\BOOKMARK [1][-]{section.5}{\376\377\000C\000o\000n\000c\000l\000u\000s\000i\000o\000n}{}% 53
\BOOKMARK [1][-]{appendix.A}{\376\377\000A\000p\000p\000e\000n\000d\000i\000x}{}% 54
